<?xml version="1.0" encoding="UTF-8"?>
<!-- Generated by org.testng.reporters.JUnitReportReporter -->
<testsuite skipped="0" hostname="LAPTOP-J365QQV5" name="api.test.DDTest" tests="6" failures="0" timestamp="2023-05-31T11:35:11 IST" time="10.733" errors="0">
  <testcase name="testPostUser" time="1.709" classname="api.test.DDTest"/>
  <system-out/>
  <testcase name="testPostUser" time="1.725" classname="api.test.DDTest"/>
  <system-out/>
  <testcase name="testPostUser" time="1.673" classname="api.test.DDTest"/>
  <system-out/>
  <testcase name="testDeleteUserByName" time="1.873" classname="api.test.DDTest"/>
  <system-out/>
  <testcase name="testDeleteUserByName" time="1.666" classname="api.test.DDTest"/>
  <system-out/>
  <testcase name="testDeleteUserByName" time="2.087" classname="api.test.DDTest"/>
  <system-out/>
</testsuite> <!-- api.test.DDTest -->
