<?xml version="1.0" encoding="UTF-8"?>
<!-- Generated by org.testng.reporters.JUnitReportReporter -->
<testsuite skipped="0" hostname="LAPTOP-J365QQV5" name="api.test.UserTests" tests="4" failures="0" timestamp="2023-05-31T11:35:11 IST" time="13.160" errors="0">
  <testcase name="testPostUser" time="5.053" classname="api.test.UserTests"/>
  <system-out/>
  <testcase name="testGetUserByName" time="2.328" classname="api.test.UserTests"/>
  <system-out/>
  <testcase name="testUpdateUserByName" time="4.150" classname="api.test.UserTests"/>
  <system-out/>
  <testcase name="testDeleteByUserName" time="1.629" classname="api.test.UserTests"/>
  <system-out/>
</testsuite> <!-- api.test.UserTests -->
